<--------------------------------------------------------->
                          BUG 1                          
<--------------------------------------------------------->
Time:
    2022.15.22.
Creator:
    Sherlock, Natasha
Description:
    Segment not present and double fault upon commenting out test cases
or PIC. 
Solution:
    The PIC initialization was incorrect. The PIC mask was moved to the bottom 
of the initializer. 

<--------------------------------------------------------->
                          BUG 2                          
<--------------------------------------------------------->
Time:
    2022.15.22.
Creator:
    Sherlock, Natasha
Description:
    The IDT is bootlooping after writing IDT code.
Solution:
    There is an improper assignment the present bit. We added additional conditional statements for 
    0x80, i<=19, and intel reserved locations.


<--------------------------------------------------------->
                          BUG 3                          
<--------------------------------------------------------->
Time:
    2022.16.22.
Creator:
    Sherlock, Natasha
Description:
    Printing only one value on the console when typing on the keyboard.
Solution:
    We added an x86 header for iret and deleted empty conditional statements 
    that accidentally had return values.

<--------------------------------------------------------->
                          BUG 4                          
<--------------------------------------------------------->
Time:
    2022.17.22.
Creator:
    Sherlock, Natasha
Description:
    The rtc test was not working because it was not in a for
    loop.
Solution:
    while (1){
        rtc_test();
        print("rtc test");
    }


<--------------------------------------------------------->
                          BUG 5                          
<--------------------------------------------------------->
Time:
    2022.18.22.
Creator:
    Vasilis, Papanikolaou.
Description:
    Page Faulting
Solution:
    I was inputting the value of the first element in the
    struct rather than the address of the struct. I changed 
    this and the issue was solved.

<--------------------------------------------------------->
                          BUG 6                          
<--------------------------------------------------------->
Time:
    2022.10.23.
Creator:
    Diego Del Carpio
Description:
    page faulting list_all_files_text
Solution:
    dir_open not initiated correctly

<--------------------------------------------------------->
                          BUG 7                          
<--------------------------------------------------------->
Time:
    2022.10.24.
Creator:
    Diego Del Carpio
Description:
    not printing list_all_files_text correctly
Solution:
    change to 24 bytes instead of 24 bits in the struct

<--------------------------------------------------------->
                          BUG 8                          
<--------------------------------------------------------->
Time:
    2022.10.24.
Creator:
    Vasilis, Papanikolaou
Description:
    not reading the file correctly.
Solution:
    data block is an index not a direct pointer

<--------------------------------------------------------->
                          BUG 9                          
<--------------------------------------------------------->
Time:
    2022.10.24.
Creator:
    Vasilis, Papanikolaou
Description:
    Filesystem read is printing garbage at the end.
Solution:
    The buffer was larger than the data put in it. I had to make
    sure it only printed the data given to it in the test.

<--------------------------------------------------------->
                          BUG 10                          
<--------------------------------------------------------->
Time:
    2022.10.?24.
Creator:
    Amartya
Description:
    
Solution:
    ....
